<?xml version="1.0" encoding="UTF-8"?>
<!-- Generated by org.testng.reporters.JUnitReportReporter -->
<testsuite skipped="0" hostname="Anirbans-MacBook-Pro.local" name="org.mango.Mango.test.APITest" tests="2" failures="0" timestamp="13 Nov 2022 08:30:06 GMT" time="0.011" errors="0">
  <testcase name="Test2" time="0.001" classname="org.mango.Mango.test.APITest"/>
  <testcase name="Test1" time="0.010" classname="org.mango.Mango.test.APITest"/>
</testsuite> <!-- org.mango.Mango.test.APITest -->
